  Game.cpp
C:\Death_of_the_last\Game.cpp(154,90): warning C4244: аргумент: преобразование "int" в "T", возможна потеря данных
          with
          [
              T=float
          ]
C:\Death_of_the_last\Game.cpp(154,60): warning C4244: аргумент: преобразование "int" в "T", возможна потеря данных
          with
          [
              T=float
          ]
C:\Death_of_the_last\Game.cpp(560,93): warning C4244: аргумент: преобразование "int" в "T", возможна потеря данных
          with
          [
              T=float
          ]
C:\Death_of_the_last\Game.cpp(560,61): warning C4244: аргумент: преобразование "int" в "T", возможна потеря данных
          with
          [
              T=float
          ]
C:\Death_of_the_last\Game.cpp(639,16): warning C4244: аргумент: преобразование "time_t" в "unsigned int", возможна потеря данных
C:\Death_of_the_last\Game.cpp(646,13): warning C4244: =: преобразование "double" в "int", возможна потеря данных
C:\Death_of_the_last\Game.cpp(665,14): warning C4244: =: преобразование "double" в "int", возможна потеря данных
C:\Death_of_the_last\Game.cpp(740,16): warning C4244: аргумент: преобразование "time_t" в "unsigned int", возможна потеря данных
C:\Death_of_the_last\Game.cpp(747,13): warning C4244: =: преобразование "double" в "int", возможна потеря данных
C:\Death_of_the_last\Game.cpp(815,45): warning C4244: аргумент: преобразование "double" в "int", возможна потеря данных
C:\Death_of_the_last\Game.cpp(828,14): warning C4244: =: преобразование "double" в "int", возможна потеря данных
C:\Death_of_the_last\Game.cpp(842,14): warning C4244: =: преобразование "double" в "int", возможна потеря данных
C:\Death_of_the_last\Game.cpp(903,93): warning C4244: аргумент: преобразование "int" в "T", возможна потеря данных
          with
          [
              T=float
          ]
C:\Death_of_the_last\Game.cpp(903,61): warning C4244: аргумент: преобразование "int" в "T", возможна потеря данных
          with
          [
              T=float
          ]
C:\Death_of_the_last\Game.cpp(960,93): warning C4244: аргумент: преобразование "int" в "T", возможна потеря данных
          with
          [
              T=float
          ]
C:\Death_of_the_last\Game.cpp(960,61): warning C4244: аргумент: преобразование "int" в "T", возможна потеря данных
          with
          [
              T=float
          ]
  Player.cpp
  Создание кода
  5 of 445 functions ( 1.1%) were compiled, the rest were copied from previous compilation.
    0 functions were new in current compilation
    5 functions had inline decision re-evaluated but remain unchanged
  Создание кода завершено
  Death_of_the_last.vcxproj -> C:\Death_of_the_last\x64\Release\Death_of_the_last.exe
