  Game.cpp
C:\Death_of_the_last\Game.cpp(239,26): warning C4305: аргумент: усечение из "double" в "float"
C:\Death_of_the_last\Game.cpp(259,97): warning C4244: аргумент: преобразование "int" в "T", возможна потеря данных
C:\Death_of_the_last\Game.cpp(259,97): warning C4244:         with
C:\Death_of_the_last\Game.cpp(259,97): warning C4244:         [
C:\Death_of_the_last\Game.cpp(259,97): warning C4244:             T=float
C:\Death_of_the_last\Game.cpp(259,97): warning C4244:         ]
C:\Death_of_the_last\Game.cpp(259,77): warning C4244: аргумент: преобразование "int" в "T", возможна потеря данных
C:\Death_of_the_last\Game.cpp(259,77): warning C4244:         with
C:\Death_of_the_last\Game.cpp(259,77): warning C4244:         [
C:\Death_of_the_last\Game.cpp(259,77): warning C4244:             T=float
C:\Death_of_the_last\Game.cpp(259,77): warning C4244:         ]
C:\Death_of_the_last\Game.cpp(283,59): warning C4244: аргумент: преобразование "T" в "unsigned int", возможна потеря данных
C:\Death_of_the_last\Game.cpp(283,59): warning C4244:         with
C:\Death_of_the_last\Game.cpp(283,59): warning C4244:         [
C:\Death_of_the_last\Game.cpp(283,59): warning C4244:             T=float
C:\Death_of_the_last\Game.cpp(283,59): warning C4244:         ]
C:\Death_of_the_last\Game.cpp(284,61): warning C4244: аргумент: преобразование "T" в "unsigned int", возможна потеря данных
C:\Death_of_the_last\Game.cpp(284,61): warning C4244:         with
C:\Death_of_the_last\Game.cpp(284,61): warning C4244:         [
C:\Death_of_the_last\Game.cpp(284,61): warning C4244:             T=float
C:\Death_of_the_last\Game.cpp(284,61): warning C4244:         ]
C:\Death_of_the_last\Game.cpp(291,59): warning C4244: аргумент: преобразование "T" в "unsigned int", возможна потеря данных
C:\Death_of_the_last\Game.cpp(291,59): warning C4244:         with
C:\Death_of_the_last\Game.cpp(291,59): warning C4244:         [
C:\Death_of_the_last\Game.cpp(291,59): warning C4244:             T=float
C:\Death_of_the_last\Game.cpp(291,59): warning C4244:         ]
C:\Death_of_the_last\Game.cpp(292,61): warning C4244: аргумент: преобразование "T" в "unsigned int", возможна потеря данных
C:\Death_of_the_last\Game.cpp(292,61): warning C4244:         with
C:\Death_of_the_last\Game.cpp(292,61): warning C4244:         [
C:\Death_of_the_last\Game.cpp(292,61): warning C4244:             T=float
C:\Death_of_the_last\Game.cpp(292,61): warning C4244:         ]
C:\Death_of_the_last\Game.cpp(339,26): warning C4305: аргумент: усечение из "double" в "float"
C:\Death_of_the_last\Game.cpp(400,98): warning C4244: аргумент: преобразование "int" в "T", возможна потеря данных
C:\Death_of_the_last\Game.cpp(400,98): warning C4244:         with
C:\Death_of_the_last\Game.cpp(400,98): warning C4244:         [
C:\Death_of_the_last\Game.cpp(400,98): warning C4244:             T=float
C:\Death_of_the_last\Game.cpp(400,98): warning C4244:         ]
C:\Death_of_the_last\Game.cpp(400,78): warning C4244: аргумент: преобразование "int" в "T", возможна потеря данных
C:\Death_of_the_last\Game.cpp(400,78): warning C4244:         with
C:\Death_of_the_last\Game.cpp(400,78): warning C4244:         [
C:\Death_of_the_last\Game.cpp(400,78): warning C4244:             T=float
C:\Death_of_the_last\Game.cpp(400,78): warning C4244:         ]
C:\Death_of_the_last\Game.cpp(411,112): warning C4244: аргумент: преобразование "int" в "T", возможна потеря данных
C:\Death_of_the_last\Game.cpp(411,112): warning C4244:         with
C:\Death_of_the_last\Game.cpp(411,112): warning C4244:         [
C:\Death_of_the_last\Game.cpp(411,112): warning C4244:             T=float
C:\Death_of_the_last\Game.cpp(411,112): warning C4244:         ]
C:\Death_of_the_last\Game.cpp(411,86): warning C4244: аргумент: преобразование "int" в "T", возможна потеря данных
C:\Death_of_the_last\Game.cpp(411,86): warning C4244:         with
C:\Death_of_the_last\Game.cpp(411,86): warning C4244:         [
C:\Death_of_the_last\Game.cpp(411,86): warning C4244:             T=float
C:\Death_of_the_last\Game.cpp(411,86): warning C4244:         ]
C:\Death_of_the_last\Game.cpp(414,110): warning C4244: аргумент: преобразование "int" в "T", возможна потеря данных
C:\Death_of_the_last\Game.cpp(414,110): warning C4244:         with
C:\Death_of_the_last\Game.cpp(414,110): warning C4244:         [
C:\Death_of_the_last\Game.cpp(414,110): warning C4244:             T=float
C:\Death_of_the_last\Game.cpp(414,110): warning C4244:         ]
C:\Death_of_the_last\Game.cpp(414,84): warning C4244: аргумент: преобразование "int" в "T", возможна потеря данных
C:\Death_of_the_last\Game.cpp(414,84): warning C4244:         with
C:\Death_of_the_last\Game.cpp(414,84): warning C4244:         [
C:\Death_of_the_last\Game.cpp(414,84): warning C4244:             T=float
C:\Death_of_the_last\Game.cpp(414,84): warning C4244:         ]
C:\Death_of_the_last\Game.cpp(415,110): warning C4244: аргумент: преобразование "int" в "T", возможна потеря данных
C:\Death_of_the_last\Game.cpp(415,110): warning C4244:         with
C:\Death_of_the_last\Game.cpp(415,110): warning C4244:         [
C:\Death_of_the_last\Game.cpp(415,110): warning C4244:             T=float
C:\Death_of_the_last\Game.cpp(415,110): warning C4244:         ]
C:\Death_of_the_last\Game.cpp(415,84): warning C4244: аргумент: преобразование "int" в "T", возможна потеря данных
C:\Death_of_the_last\Game.cpp(415,84): warning C4244:         with
C:\Death_of_the_last\Game.cpp(415,84): warning C4244:         [
C:\Death_of_the_last\Game.cpp(415,84): warning C4244:             T=float
C:\Death_of_the_last\Game.cpp(415,84): warning C4244:         ]
C:\Death_of_the_last\Game.cpp(418,113): warning C4244: аргумент: преобразование "int" в "T", возможна потеря данных
C:\Death_of_the_last\Game.cpp(418,113): warning C4244:         with
C:\Death_of_the_last\Game.cpp(418,113): warning C4244:         [
C:\Death_of_the_last\Game.cpp(418,113): warning C4244:             T=float
C:\Death_of_the_last\Game.cpp(418,113): warning C4244:         ]
C:\Death_of_the_last\Game.cpp(418,87): warning C4244: аргумент: преобразование "int" в "T", возможна потеря данных
C:\Death_of_the_last\Game.cpp(418,87): warning C4244:         with
C:\Death_of_the_last\Game.cpp(418,87): warning C4244:         [
C:\Death_of_the_last\Game.cpp(418,87): warning C4244:             T=float
C:\Death_of_the_last\Game.cpp(418,87): warning C4244:         ]
C:\Death_of_the_last\Game.cpp(419,113): warning C4244: аргумент: преобразование "int" в "T", возможна потеря данных
C:\Death_of_the_last\Game.cpp(419,113): warning C4244:         with
C:\Death_of_the_last\Game.cpp(419,113): warning C4244:         [
C:\Death_of_the_last\Game.cpp(419,113): warning C4244:             T=float
C:\Death_of_the_last\Game.cpp(419,113): warning C4244:         ]
C:\Death_of_the_last\Game.cpp(419,87): warning C4244: аргумент: преобразование "int" в "T", возможна потеря данных
C:\Death_of_the_last\Game.cpp(419,87): warning C4244:         with
C:\Death_of_the_last\Game.cpp(419,87): warning C4244:         [
C:\Death_of_the_last\Game.cpp(419,87): warning C4244:             T=float
C:\Death_of_the_last\Game.cpp(419,87): warning C4244:         ]
C:\Death_of_the_last\Game.cpp(422,114): warning C4244: аргумент: преобразование "int" в "T", возможна потеря данных
C:\Death_of_the_last\Game.cpp(422,114): warning C4244:         with
C:\Death_of_the_last\Game.cpp(422,114): warning C4244:         [
C:\Death_of_the_last\Game.cpp(422,114): warning C4244:             T=float
C:\Death_of_the_last\Game.cpp(422,114): warning C4244:         ]
C:\Death_of_the_last\Game.cpp(422,88): warning C4244: аргумент: преобразование "int" в "T", возможна потеря данных
C:\Death_of_the_last\Game.cpp(422,88): warning C4244:         with
C:\Death_of_the_last\Game.cpp(422,88): warning C4244:         [
C:\Death_of_the_last\Game.cpp(422,88): warning C4244:             T=float
C:\Death_of_the_last\Game.cpp(422,88): warning C4244:         ]
C:\Death_of_the_last\Game.cpp(423,114): warning C4244: аргумент: преобразование "int" в "T", возможна потеря данных
C:\Death_of_the_last\Game.cpp(423,114): warning C4244:         with
C:\Death_of_the_last\Game.cpp(423,114): warning C4244:         [
C:\Death_of_the_last\Game.cpp(423,114): warning C4244:             T=float
C:\Death_of_the_last\Game.cpp(423,114): warning C4244:         ]
C:\Death_of_the_last\Game.cpp(423,88): warning C4244: аргумент: преобразование "int" в "T", возможна потеря данных
C:\Death_of_the_last\Game.cpp(423,88): warning C4244:         with
C:\Death_of_the_last\Game.cpp(423,88): warning C4244:         [
C:\Death_of_the_last\Game.cpp(423,88): warning C4244:             T=float
C:\Death_of_the_last\Game.cpp(423,88): warning C4244:         ]
C:\Death_of_the_last\Game.cpp(426,110): warning C4244: аргумент: преобразование "int" в "T", возможна потеря данных
C:\Death_of_the_last\Game.cpp(426,110): warning C4244:         with
C:\Death_of_the_last\Game.cpp(426,110): warning C4244:         [
C:\Death_of_the_last\Game.cpp(426,110): warning C4244:             T=float
C:\Death_of_the_last\Game.cpp(426,110): warning C4244:         ]
C:\Death_of_the_last\Game.cpp(426,84): warning C4244: аргумент: преобразование "int" в "T", возможна потеря данных
C:\Death_of_the_last\Game.cpp(426,84): warning C4244:         with
C:\Death_of_the_last\Game.cpp(426,84): warning C4244:         [
C:\Death_of_the_last\Game.cpp(426,84): warning C4244:             T=float
C:\Death_of_the_last\Game.cpp(426,84): warning C4244:         ]
C:\Death_of_the_last\Game.cpp(427,110): warning C4244: аргумент: преобразование "int" в "T", возможна потеря данных
C:\Death_of_the_last\Game.cpp(427,110): warning C4244:         with
C:\Death_of_the_last\Game.cpp(427,110): warning C4244:         [
C:\Death_of_the_last\Game.cpp(427,110): warning C4244:             T=float
C:\Death_of_the_last\Game.cpp(427,110): warning C4244:         ]
C:\Death_of_the_last\Game.cpp(427,84): warning C4244: аргумент: преобразование "int" в "T", возможна потеря данных
C:\Death_of_the_last\Game.cpp(427,84): warning C4244:         with
C:\Death_of_the_last\Game.cpp(427,84): warning C4244:         [
C:\Death_of_the_last\Game.cpp(427,84): warning C4244:             T=float
C:\Death_of_the_last\Game.cpp(427,84): warning C4244:         ]
C:\Death_of_the_last\Game.cpp(439,60): warning C4244: аргумент: преобразование "T" в "unsigned int", возможна потеря данных
C:\Death_of_the_last\Game.cpp(439,60): warning C4244:         with
C:\Death_of_the_last\Game.cpp(439,60): warning C4244:         [
C:\Death_of_the_last\Game.cpp(439,60): warning C4244:             T=float
C:\Death_of_the_last\Game.cpp(439,60): warning C4244:         ]
C:\Death_of_the_last\Game.cpp(443,63): warning C4244: аргумент: преобразование "T" в "unsigned int", возможна потеря данных
C:\Death_of_the_last\Game.cpp(443,63): warning C4244:         with
C:\Death_of_the_last\Game.cpp(443,63): warning C4244:         [
C:\Death_of_the_last\Game.cpp(443,63): warning C4244:             T=float
C:\Death_of_the_last\Game.cpp(443,63): warning C4244:         ]
C:\Death_of_the_last\Game.cpp(447,66): warning C4244: аргумент: преобразование "T" в "unsigned int", возможна потеря данных
C:\Death_of_the_last\Game.cpp(447,66): warning C4244:         with
C:\Death_of_the_last\Game.cpp(447,66): warning C4244:         [
C:\Death_of_the_last\Game.cpp(447,66): warning C4244:             T=float
C:\Death_of_the_last\Game.cpp(447,66): warning C4244:         ]
C:\Death_of_the_last\Game.cpp(451,67): warning C4244: аргумент: преобразование "T" в "unsigned int", возможна потеря данных
C:\Death_of_the_last\Game.cpp(451,67): warning C4244:         with
C:\Death_of_the_last\Game.cpp(451,67): warning C4244:         [
C:\Death_of_the_last\Game.cpp(451,67): warning C4244:             T=float
C:\Death_of_the_last\Game.cpp(451,67): warning C4244:         ]
C:\Death_of_the_last\Game.cpp(455,63): warning C4244: аргумент: преобразование "T" в "unsigned int", возможна потеря данных
C:\Death_of_the_last\Game.cpp(455,63): warning C4244:         with
C:\Death_of_the_last\Game.cpp(455,63): warning C4244:         [
C:\Death_of_the_last\Game.cpp(455,63): warning C4244:             T=float
C:\Death_of_the_last\Game.cpp(455,63): warning C4244:         ]
C:\Death_of_the_last\Game.cpp(464,60): warning C4244: аргумент: преобразование "T" в "unsigned int", возможна потеря данных
C:\Death_of_the_last\Game.cpp(464,60): warning C4244:         with
C:\Death_of_the_last\Game.cpp(464,60): warning C4244:         [
C:\Death_of_the_last\Game.cpp(464,60): warning C4244:             T=float
C:\Death_of_the_last\Game.cpp(464,60): warning C4244:         ]
C:\Death_of_the_last\Game.cpp(468,63): warning C4244: аргумент: преобразование "T" в "unsigned int", возможна потеря данных
C:\Death_of_the_last\Game.cpp(468,63): warning C4244:         with
C:\Death_of_the_last\Game.cpp(468,63): warning C4244:         [
C:\Death_of_the_last\Game.cpp(468,63): warning C4244:             T=float
C:\Death_of_the_last\Game.cpp(468,63): warning C4244:         ]
C:\Death_of_the_last\Game.cpp(472,66): warning C4244: аргумент: преобразование "T" в "unsigned int", возможна потеря данных
C:\Death_of_the_last\Game.cpp(472,66): warning C4244:         with
C:\Death_of_the_last\Game.cpp(472,66): warning C4244:         [
C:\Death_of_the_last\Game.cpp(472,66): warning C4244:             T=float
C:\Death_of_the_last\Game.cpp(472,66): warning C4244:         ]
C:\Death_of_the_last\Game.cpp(476,67): warning C4244: аргумент: преобразование "T" в "unsigned int", возможна потеря данных
C:\Death_of_the_last\Game.cpp(476,67): warning C4244:         with
C:\Death_of_the_last\Game.cpp(476,67): warning C4244:         [
C:\Death_of_the_last\Game.cpp(476,67): warning C4244:             T=float
C:\Death_of_the_last\Game.cpp(476,67): warning C4244:         ]
C:\Death_of_the_last\Game.cpp(480,63): warning C4244: аргумент: преобразование "T" в "unsigned int", возможна потеря данных
C:\Death_of_the_last\Game.cpp(480,63): warning C4244:         with
C:\Death_of_the_last\Game.cpp(480,63): warning C4244:         [
C:\Death_of_the_last\Game.cpp(480,63): warning C4244:             T=float
C:\Death_of_the_last\Game.cpp(480,63): warning C4244:         ]
C:\Death_of_the_last\Game.cpp(570,26): warning C4305: аргумент: усечение из "double" в "float"
C:\Death_of_the_last\Game.cpp(618,85): warning C4244: аргумент: преобразование "int" в "T", возможна потеря данных
C:\Death_of_the_last\Game.cpp(618,85): warning C4244:         with
C:\Death_of_the_last\Game.cpp(618,85): warning C4244:         [
C:\Death_of_the_last\Game.cpp(618,85): warning C4244:             T=float
C:\Death_of_the_last\Game.cpp(618,85): warning C4244:         ]
C:\Death_of_the_last\Game.cpp(618,65): warning C4244: аргумент: преобразование "int" в "T", возможна потеря данных
C:\Death_of_the_last\Game.cpp(618,65): warning C4244:         with
C:\Death_of_the_last\Game.cpp(618,65): warning C4244:         [
C:\Death_of_the_last\Game.cpp(618,65): warning C4244:             T=float
C:\Death_of_the_last\Game.cpp(618,65): warning C4244:         ]
C:\Death_of_the_last\Game.cpp(626,31): warning C4244: аргумент: преобразование "int" в "T", возможна потеря данных
C:\Death_of_the_last\Game.cpp(626,31): warning C4244:         with
C:\Death_of_the_last\Game.cpp(626,31): warning C4244:         [
C:\Death_of_the_last\Game.cpp(626,31): warning C4244:             T=float
C:\Death_of_the_last\Game.cpp(626,31): warning C4244:         ]
C:\Death_of_the_last\Game.cpp(625,30): warning C4244: аргумент: преобразование "int" в "T", возможна потеря данных
C:\Death_of_the_last\Game.cpp(625,30): warning C4244:         with
C:\Death_of_the_last\Game.cpp(625,30): warning C4244:         [
C:\Death_of_the_last\Game.cpp(625,30): warning C4244:             T=float
C:\Death_of_the_last\Game.cpp(625,30): warning C4244:         ]
C:\Death_of_the_last\Game.cpp(689,62): warning C4244: аргумент: преобразование "T" в "unsigned int", возможна потеря данных
C:\Death_of_the_last\Game.cpp(689,62): warning C4244:         with
C:\Death_of_the_last\Game.cpp(689,62): warning C4244:         [
C:\Death_of_the_last\Game.cpp(689,62): warning C4244:             T=float
C:\Death_of_the_last\Game.cpp(689,62): warning C4244:         ]
C:\Death_of_the_last\Game.cpp(710,57): warning C4244: аргумент: преобразование "T" в "unsigned int", возможна потеря данных
C:\Death_of_the_last\Game.cpp(710,57): warning C4244:         with
C:\Death_of_the_last\Game.cpp(710,57): warning C4244:         [
C:\Death_of_the_last\Game.cpp(710,57): warning C4244:             T=float
C:\Death_of_the_last\Game.cpp(710,57): warning C4244:         ]
C:\Death_of_the_last\Game.cpp(730,58): warning C4244: аргумент: преобразование "T" в "unsigned int", возможна потеря данных
C:\Death_of_the_last\Game.cpp(730,58): warning C4244:         with
C:\Death_of_the_last\Game.cpp(730,58): warning C4244:         [
C:\Death_of_the_last\Game.cpp(730,58): warning C4244:             T=float
C:\Death_of_the_last\Game.cpp(730,58): warning C4244:         ]
C:\Death_of_the_last\Game.cpp(744,62): warning C4244: аргумент: преобразование "T" в "unsigned int", возможна потеря данных
C:\Death_of_the_last\Game.cpp(744,62): warning C4244:         with
C:\Death_of_the_last\Game.cpp(744,62): warning C4244:         [
C:\Death_of_the_last\Game.cpp(744,62): warning C4244:             T=float
C:\Death_of_the_last\Game.cpp(744,62): warning C4244:         ]
C:\Death_of_the_last\Game.cpp(765,57): warning C4244: аргумент: преобразование "T" в "unsigned int", возможна потеря данных
C:\Death_of_the_last\Game.cpp(765,57): warning C4244:         with
C:\Death_of_the_last\Game.cpp(765,57): warning C4244:         [
C:\Death_of_the_last\Game.cpp(765,57): warning C4244:             T=float
C:\Death_of_the_last\Game.cpp(765,57): warning C4244:         ]
C:\Death_of_the_last\Game.cpp(785,58): warning C4244: аргумент: преобразование "T" в "unsigned int", возможна потеря данных
C:\Death_of_the_last\Game.cpp(785,58): warning C4244:         with
C:\Death_of_the_last\Game.cpp(785,58): warning C4244:         [
C:\Death_of_the_last\Game.cpp(785,58): warning C4244:             T=float
C:\Death_of_the_last\Game.cpp(785,58): warning C4244:         ]
C:\Death_of_the_last\Game.cpp(799,25): warning C4305: аргумент: усечение из "double" в "float"
C:\Death_of_the_last\Game.cpp(1092,96): warning C4244: аргумент: преобразование "int" в "T", возможна потеря данных
C:\Death_of_the_last\Game.cpp(1092,96): warning C4244:         with
C:\Death_of_the_last\Game.cpp(1092,96): warning C4244:         [
C:\Death_of_the_last\Game.cpp(1092,96): warning C4244:             T=float
C:\Death_of_the_last\Game.cpp(1092,96): warning C4244:         ]
C:\Death_of_the_last\Game.cpp(1092,76): warning C4244: аргумент: преобразование "int" в "T", возможна потеря данных
C:\Death_of_the_last\Game.cpp(1092,76): warning C4244:         with
C:\Death_of_the_last\Game.cpp(1092,76): warning C4244:         [
C:\Death_of_the_last\Game.cpp(1092,76): warning C4244:             T=float
C:\Death_of_the_last\Game.cpp(1092,76): warning C4244:         ]
C:\Death_of_the_last\Game.cpp(1753,14): warning C4244: инициализация: преобразование "T" в "int", возможна потеря данных
C:\Death_of_the_last\Game.cpp(1753,14): warning C4244:         with
C:\Death_of_the_last\Game.cpp(1753,14): warning C4244:         [
C:\Death_of_the_last\Game.cpp(1753,14): warning C4244:             T=float
C:\Death_of_the_last\Game.cpp(1753,14): warning C4244:         ]
C:\Death_of_the_last\Game.cpp(1754,14): warning C4244: инициализация: преобразование "T" в "int", возможна потеря данных
C:\Death_of_the_last\Game.cpp(1754,14): warning C4244:         with
C:\Death_of_the_last\Game.cpp(1754,14): warning C4244:         [
C:\Death_of_the_last\Game.cpp(1754,14): warning C4244:             T=float
C:\Death_of_the_last\Game.cpp(1754,14): warning C4244:         ]
C:\Death_of_the_last\Game.cpp(1823,14): warning C4244: инициализация: преобразование "T" в "int", возможна потеря данных
C:\Death_of_the_last\Game.cpp(1823,14): warning C4244:         with
C:\Death_of_the_last\Game.cpp(1823,14): warning C4244:         [
C:\Death_of_the_last\Game.cpp(1823,14): warning C4244:             T=float
C:\Death_of_the_last\Game.cpp(1823,14): warning C4244:         ]
C:\Death_of_the_last\Game.cpp(1824,14): warning C4244: инициализация: преобразование "T" в "int", возможна потеря данных
C:\Death_of_the_last\Game.cpp(1824,14): warning C4244:         with
C:\Death_of_the_last\Game.cpp(1824,14): warning C4244:         [
C:\Death_of_the_last\Game.cpp(1824,14): warning C4244:             T=float
C:\Death_of_the_last\Game.cpp(1824,14): warning C4244:         ]
C:\Death_of_the_last\Game.cpp(1879,26): warning C4305: аргумент: усечение из "double" в "float"
C:\Death_of_the_last\Game.cpp(1906,101): warning C4244: аргумент: преобразование "int" в "T", возможна потеря данных
C:\Death_of_the_last\Game.cpp(1906,101): warning C4244:         with
C:\Death_of_the_last\Game.cpp(1906,101): warning C4244:         [
C:\Death_of_the_last\Game.cpp(1906,101): warning C4244:             T=float
C:\Death_of_the_last\Game.cpp(1906,101): warning C4244:         ]
C:\Death_of_the_last\Game.cpp(1906,81): warning C4244: аргумент: преобразование "int" в "T", возможна потеря данных
C:\Death_of_the_last\Game.cpp(1906,81): warning C4244:         with
C:\Death_of_the_last\Game.cpp(1906,81): warning C4244:         [
C:\Death_of_the_last\Game.cpp(1906,81): warning C4244:             T=float
C:\Death_of_the_last\Game.cpp(1906,81): warning C4244:         ]
C:\Death_of_the_last\Game.cpp(1929,88): warning C4244: аргумент: преобразование "int" в "T", возможна потеря данных
C:\Death_of_the_last\Game.cpp(1929,88): warning C4244:         with
C:\Death_of_the_last\Game.cpp(1929,88): warning C4244:         [
C:\Death_of_the_last\Game.cpp(1929,88): warning C4244:             T=float
C:\Death_of_the_last\Game.cpp(1929,88): warning C4244:         ]
C:\Death_of_the_last\Game.cpp(1948,88): warning C4244: аргумент: преобразование "int" в "T", возможна потеря данных
C:\Death_of_the_last\Game.cpp(1948,88): warning C4244:         with
C:\Death_of_the_last\Game.cpp(1948,88): warning C4244:         [
C:\Death_of_the_last\Game.cpp(1948,88): warning C4244:             T=float
C:\Death_of_the_last\Game.cpp(1948,88): warning C4244:         ]
C:\Death_of_the_last\Game.cpp(1996,27): warning C4305: аргумент: усечение из "double" в "float"
C:\Death_of_the_last\Game.cpp(2023,105): warning C4244: аргумент: преобразование "int" в "T", возможна потеря данных
C:\Death_of_the_last\Game.cpp(2023,105): warning C4244:         with
C:\Death_of_the_last\Game.cpp(2023,105): warning C4244:         [
C:\Death_of_the_last\Game.cpp(2023,105): warning C4244:             T=float
C:\Death_of_the_last\Game.cpp(2023,105): warning C4244:         ]
C:\Death_of_the_last\Game.cpp(2023,85): warning C4244: аргумент: преобразование "int" в "T", возможна потеря данных
C:\Death_of_the_last\Game.cpp(2023,85): warning C4244:         with
C:\Death_of_the_last\Game.cpp(2023,85): warning C4244:         [
C:\Death_of_the_last\Game.cpp(2023,85): warning C4244:             T=float
C:\Death_of_the_last\Game.cpp(2023,85): warning C4244:         ]
C:\Death_of_the_last\Game.cpp(2289,28): warning C4305: аргумент: усечение из "double" в "float"
C:\Death_of_the_last\Game.cpp(2325,104): warning C4244: аргумент: преобразование "int" в "T", возможна потеря данных
C:\Death_of_the_last\Game.cpp(2325,104): warning C4244:         with
C:\Death_of_the_last\Game.cpp(2325,104): warning C4244:         [
C:\Death_of_the_last\Game.cpp(2325,104): warning C4244:             T=float
C:\Death_of_the_last\Game.cpp(2325,104): warning C4244:         ]
C:\Death_of_the_last\Game.cpp(2325,84): warning C4244: аргумент: преобразование "int" в "T", возможна потеря данных
C:\Death_of_the_last\Game.cpp(2325,84): warning C4244:         with
C:\Death_of_the_last\Game.cpp(2325,84): warning C4244:         [
C:\Death_of_the_last\Game.cpp(2325,84): warning C4244:             T=float
C:\Death_of_the_last\Game.cpp(2325,84): warning C4244:         ]
C:\Death_of_the_last\Game.cpp(2621,31): warning C4305: аргумент: усечение из "double" в "float"
C:\Death_of_the_last\Game.cpp(2628,31): warning C4305: аргумент: усечение из "double" в "float"
C:\Death_of_the_last\Game.cpp(2697,29): warning C4305: аргумент: усечение из "double" в "float"
C:\Death_of_the_last\Game.cpp(2781,100): warning C4244: аргумент: преобразование "int" в "T", возможна потеря данных
C:\Death_of_the_last\Game.cpp(2781,100): warning C4244:         with
C:\Death_of_the_last\Game.cpp(2781,100): warning C4244:         [
C:\Death_of_the_last\Game.cpp(2781,100): warning C4244:             T=float
C:\Death_of_the_last\Game.cpp(2781,100): warning C4244:         ]
C:\Death_of_the_last\Game.cpp(2781,80): warning C4244: аргумент: преобразование "int" в "T", возможна потеря данных
C:\Death_of_the_last\Game.cpp(2781,80): warning C4244:         with
C:\Death_of_the_last\Game.cpp(2781,80): warning C4244:         [
C:\Death_of_the_last\Game.cpp(2781,80): warning C4244:             T=float
C:\Death_of_the_last\Game.cpp(2781,80): warning C4244:         ]
C:\Death_of_the_last\Game.cpp(5189,28): warning C4305: аргумент: усечение из "double" в "float"
C:\Death_of_the_last\Game.cpp(5274,25): warning C4244: инициализация: преобразование "time_t" в "unsigned int", возможна потеря данных
C:\Death_of_the_last\Game.cpp(5289,116): warning C4244: аргумент: преобразование "int" в "T", возможна потеря данных
C:\Death_of_the_last\Game.cpp(5289,116): warning C4244:         with
C:\Death_of_the_last\Game.cpp(5289,116): warning C4244:         [
C:\Death_of_the_last\Game.cpp(5289,116): warning C4244:             T=float
C:\Death_of_the_last\Game.cpp(5289,116): warning C4244:         ]
C:\Death_of_the_last\Game.cpp(5289,95): warning C4244: аргумент: преобразование "int" в "T", возможна потеря данных
C:\Death_of_the_last\Game.cpp(5289,95): warning C4244:         with
C:\Death_of_the_last\Game.cpp(5289,95): warning C4244:         [
C:\Death_of_the_last\Game.cpp(5289,95): warning C4244:             T=float
C:\Death_of_the_last\Game.cpp(5289,95): warning C4244:         ]
C:\Death_of_the_last\Game.cpp(5300,43): warning C4244: =: преобразование "int" в "float", возможна потеря данных
C:\Death_of_the_last\Game.cpp(5301,44): warning C4244: =: преобразование "int" в "float", возможна потеря данных
C:\Death_of_the_last\Game.cpp(5459,57): warning C4244: =: преобразование "T" в "int", возможна потеря данных
C:\Death_of_the_last\Game.cpp(5459,57): warning C4244:         with
C:\Death_of_the_last\Game.cpp(5459,57): warning C4244:         [
C:\Death_of_the_last\Game.cpp(5459,57): warning C4244:             T=float
C:\Death_of_the_last\Game.cpp(5459,57): warning C4244:         ]
C:\Death_of_the_last\Game.cpp(5460,57): warning C4244: =: преобразование "T" в "int", возможна потеря данных
C:\Death_of_the_last\Game.cpp(5460,57): warning C4244:         with
C:\Death_of_the_last\Game.cpp(5460,57): warning C4244:         [
C:\Death_of_the_last\Game.cpp(5460,57): warning C4244:             T=float
C:\Death_of_the_last\Game.cpp(5460,57): warning C4244:         ]
C:\Death_of_the_last\Game.cpp(5471,58): warning C4244: аргумент: преобразование "time_t" в "unsigned int", возможна потеря данных
C:\Death_of_the_last\Game.cpp(5479,76): warning C4244: аргумент: преобразование "int" в "T", возможна потеря данных
C:\Death_of_the_last\Game.cpp(5479,76): warning C4244:         with
C:\Death_of_the_last\Game.cpp(5479,76): warning C4244:         [
C:\Death_of_the_last\Game.cpp(5479,76): warning C4244:             T=float
C:\Death_of_the_last\Game.cpp(5479,76): warning C4244:         ]
C:\Death_of_the_last\Game.cpp(5479,72): warning C4244: аргумент: преобразование "int" в "T", возможна потеря данных
C:\Death_of_the_last\Game.cpp(5479,72): warning C4244:         with
C:\Death_of_the_last\Game.cpp(5479,72): warning C4244:         [
C:\Death_of_the_last\Game.cpp(5479,72): warning C4244:             T=float
C:\Death_of_the_last\Game.cpp(5479,72): warning C4244:         ]
C:\Death_of_the_last\Game.cpp(5534,134): warning C4244: аргумент: преобразование "int" в "T", возможна потеря данных
C:\Death_of_the_last\Game.cpp(5534,134): warning C4244:         with
C:\Death_of_the_last\Game.cpp(5534,134): warning C4244:         [
C:\Death_of_the_last\Game.cpp(5534,134): warning C4244:             T=float
C:\Death_of_the_last\Game.cpp(5534,134): warning C4244:         ]
C:\Death_of_the_last\Game.cpp(5534,77): warning C4244: аргумент: преобразование "int" в "T", возможна потеря данных
C:\Death_of_the_last\Game.cpp(5534,77): warning C4244:         with
C:\Death_of_the_last\Game.cpp(5534,77): warning C4244:         [
C:\Death_of_the_last\Game.cpp(5534,77): warning C4244:             T=float
C:\Death_of_the_last\Game.cpp(5534,77): warning C4244:         ]
C:\Death_of_the_last\Game.cpp(5563,58): warning C4244: =: преобразование "const T" в "int", возможна потеря данных
C:\Death_of_the_last\Game.cpp(5563,58): warning C4244:         with
C:\Death_of_the_last\Game.cpp(5563,58): warning C4244:         [
C:\Death_of_the_last\Game.cpp(5563,58): warning C4244:             T=float
C:\Death_of_the_last\Game.cpp(5563,58): warning C4244:         ]
C:\Death_of_the_last\Game.cpp(5564,58): warning C4244: =: преобразование "const T" в "int", возможна потеря данных
C:\Death_of_the_last\Game.cpp(5564,58): warning C4244:         with
C:\Death_of_the_last\Game.cpp(5564,58): warning C4244:         [
C:\Death_of_the_last\Game.cpp(5564,58): warning C4244:             T=float
C:\Death_of_the_last\Game.cpp(5564,58): warning C4244:         ]
C:\Death_of_the_last\Game.cpp(5565,25): warning C4244: аргумент: преобразование "time_t" в "unsigned int", возможна потеря данных
C:\Death_of_the_last\Game.cpp(5569,59): warning C4244: аргумент: преобразование "int" в "T", возможна потеря данных
C:\Death_of_the_last\Game.cpp(5569,59): warning C4244:         with
C:\Death_of_the_last\Game.cpp(5569,59): warning C4244:         [
C:\Death_of_the_last\Game.cpp(5569,59): warning C4244:             T=float
C:\Death_of_the_last\Game.cpp(5569,59): warning C4244:         ]
C:\Death_of_the_last\Game.cpp(5569,51): warning C4244: аргумент: преобразование "int" в "T", возможна потеря данных
C:\Death_of_the_last\Game.cpp(5569,51): warning C4244:         with
C:\Death_of_the_last\Game.cpp(5569,51): warning C4244:         [
C:\Death_of_the_last\Game.cpp(5569,51): warning C4244:             T=float
C:\Death_of_the_last\Game.cpp(5569,51): warning C4244:         ]
C:\Death_of_the_last\Game.cpp(5590,58): warning C4244: =: преобразование "const T" в "int", возможна потеря данных
C:\Death_of_the_last\Game.cpp(5590,58): warning C4244:         with
C:\Death_of_the_last\Game.cpp(5590,58): warning C4244:         [
C:\Death_of_the_last\Game.cpp(5590,58): warning C4244:             T=float
C:\Death_of_the_last\Game.cpp(5590,58): warning C4244:         ]
C:\Death_of_the_last\Game.cpp(5591,58): warning C4244: =: преобразование "const T" в "int", возможна потеря данных
C:\Death_of_the_last\Game.cpp(5591,58): warning C4244:         with
C:\Death_of_the_last\Game.cpp(5591,58): warning C4244:         [
C:\Death_of_the_last\Game.cpp(5591,58): warning C4244:             T=float
C:\Death_of_the_last\Game.cpp(5591,58): warning C4244:         ]
C:\Death_of_the_last\Game.cpp(5592,25): warning C4244: аргумент: преобразование "time_t" в "unsigned int", возможна потеря данных
C:\Death_of_the_last\Game.cpp(5596,59): warning C4244: аргумент: преобразование "int" в "T", возможна потеря данных
C:\Death_of_the_last\Game.cpp(5596,59): warning C4244:         with
C:\Death_of_the_last\Game.cpp(5596,59): warning C4244:         [
C:\Death_of_the_last\Game.cpp(5596,59): warning C4244:             T=float
C:\Death_of_the_last\Game.cpp(5596,59): warning C4244:         ]
C:\Death_of_the_last\Game.cpp(5596,51): warning C4244: аргумент: преобразование "int" в "T", возможна потеря данных
C:\Death_of_the_last\Game.cpp(5596,51): warning C4244:         with
C:\Death_of_the_last\Game.cpp(5596,51): warning C4244:         [
C:\Death_of_the_last\Game.cpp(5596,51): warning C4244:             T=float
C:\Death_of_the_last\Game.cpp(5596,51): warning C4244:         ]
C:\Death_of_the_last\Game.cpp(5629,58): warning C4244: =: преобразование "const T" в "int", возможна потеря данных
C:\Death_of_the_last\Game.cpp(5629,58): warning C4244:         with
C:\Death_of_the_last\Game.cpp(5629,58): warning C4244:         [
C:\Death_of_the_last\Game.cpp(5629,58): warning C4244:             T=float
C:\Death_of_the_last\Game.cpp(5629,58): warning C4244:         ]
C:\Death_of_the_last\Game.cpp(5630,58): warning C4244: =: преобразование "const T" в "int", возможна потеря данных
C:\Death_of_the_last\Game.cpp(5630,58): warning C4244:         with
C:\Death_of_the_last\Game.cpp(5630,58): warning C4244:         [
C:\Death_of_the_last\Game.cpp(5630,58): warning C4244:             T=float
C:\Death_of_the_last\Game.cpp(5630,58): warning C4244:         ]
C:\Death_of_the_last\Game.cpp(5631,25): warning C4244: аргумент: преобразование "time_t" в "unsigned int", возможна потеря данных
C:\Death_of_the_last\Game.cpp(5635,59): warning C4244: аргумент: преобразование "int" в "T", возможна потеря данных
C:\Death_of_the_last\Game.cpp(5635,59): warning C4244:         with
C:\Death_of_the_last\Game.cpp(5635,59): warning C4244:         [
C:\Death_of_the_last\Game.cpp(5635,59): warning C4244:             T=float
C:\Death_of_the_last\Game.cpp(5635,59): warning C4244:         ]
C:\Death_of_the_last\Game.cpp(5635,51): warning C4244: аргумент: преобразование "int" в "T", возможна потеря данных
C:\Death_of_the_last\Game.cpp(5635,51): warning C4244:         with
C:\Death_of_the_last\Game.cpp(5635,51): warning C4244:         [
C:\Death_of_the_last\Game.cpp(5635,51): warning C4244:             T=float
C:\Death_of_the_last\Game.cpp(5635,51): warning C4244:         ]
C:\Death_of_the_last\Game.cpp(5671,59): warning C4244: =: преобразование "const T" в "int", возможна потеря данных
C:\Death_of_the_last\Game.cpp(5671,59): warning C4244:         with
C:\Death_of_the_last\Game.cpp(5671,59): warning C4244:         [
C:\Death_of_the_last\Game.cpp(5671,59): warning C4244:             T=float
C:\Death_of_the_last\Game.cpp(5671,59): warning C4244:         ]
C:\Death_of_the_last\Game.cpp(5672,59): warning C4244: =: преобразование "const T" в "int", возможна потеря данных
C:\Death_of_the_last\Game.cpp(5672,59): warning C4244:         with
C:\Death_of_the_last\Game.cpp(5672,59): warning C4244:         [
C:\Death_of_the_last\Game.cpp(5672,59): warning C4244:             T=float
C:\Death_of_the_last\Game.cpp(5672,59): warning C4244:         ]
C:\Death_of_the_last\Game.cpp(5673,26): warning C4244: аргумент: преобразование "time_t" в "unsigned int", возможна потеря данных
C:\Death_of_the_last\Game.cpp(5677,60): warning C4244: аргумент: преобразование "int" в "T", возможна потеря данных
C:\Death_of_the_last\Game.cpp(5677,60): warning C4244:         with
C:\Death_of_the_last\Game.cpp(5677,60): warning C4244:         [
C:\Death_of_the_last\Game.cpp(5677,60): warning C4244:             T=float
C:\Death_of_the_last\Game.cpp(5677,60): warning C4244:         ]
C:\Death_of_the_last\Game.cpp(5677,52): warning C4244: аргумент: преобразование "int" в "T", возможна потеря данных
C:\Death_of_the_last\Game.cpp(5677,52): warning C4244:         with
C:\Death_of_the_last\Game.cpp(5677,52): warning C4244:         [
C:\Death_of_the_last\Game.cpp(5677,52): warning C4244:             T=float
C:\Death_of_the_last\Game.cpp(5677,52): warning C4244:         ]
C:\Death_of_the_last\Game.cpp(5882,53): warning C4244: =: преобразование "T" в "int", возможна потеря данных
C:\Death_of_the_last\Game.cpp(5882,53): warning C4244:         with
C:\Death_of_the_last\Game.cpp(5882,53): warning C4244:         [
C:\Death_of_the_last\Game.cpp(5882,53): warning C4244:             T=float
C:\Death_of_the_last\Game.cpp(5882,53): warning C4244:         ]
C:\Death_of_the_last\Game.cpp(5883,53): warning C4244: =: преобразование "T" в "int", возможна потеря данных
C:\Death_of_the_last\Game.cpp(5883,53): warning C4244:         with
C:\Death_of_the_last\Game.cpp(5883,53): warning C4244:         [
C:\Death_of_the_last\Game.cpp(5883,53): warning C4244:             T=float
C:\Death_of_the_last\Game.cpp(5883,53): warning C4244:         ]
C:\Death_of_the_last\Game.cpp(5881,21): warning C4101: y1: неиспользованная локальная переменная
C:\Death_of_the_last\Game.cpp(5881,17): warning C4101: x1: неиспользованная локальная переменная
  Death_of_the_last.vcxproj -> C:\Death_of_the_last\x64\Debug\Death_of_the_last.exe
