  AimedMissle.cpp
C:\Death_of_the_last\AimedMissle.cpp(5,36): warning C4305: аргумент: усечение из "double" в "T"
C:\Death_of_the_last\AimedMissle.cpp(5,36): warning C4305:         with
C:\Death_of_the_last\AimedMissle.cpp(5,36): warning C4305:         [
C:\Death_of_the_last\AimedMissle.cpp(5,36): warning C4305:             T=float
C:\Death_of_the_last\AimedMissle.cpp(5,36): warning C4305:         ]
C:\Death_of_the_last\AimedMissle.cpp(5,31): warning C4305: аргумент: усечение из "double" в "T"
C:\Death_of_the_last\AimedMissle.cpp(5,31): warning C4305:         with
C:\Death_of_the_last\AimedMissle.cpp(5,31): warning C4305:         [
C:\Death_of_the_last\AimedMissle.cpp(5,31): warning C4305:             T=float
C:\Death_of_the_last\AimedMissle.cpp(5,31): warning C4305:         ]
C:\Death_of_the_last\AimedMissle.cpp(6,83): warning C4244: аргумент: преобразование "T" в "T", возможна потеря данных
C:\Death_of_the_last\AimedMissle.cpp(6,83): warning C4244:         with
C:\Death_of_the_last\AimedMissle.cpp(6,83): warning C4244:         [
C:\Death_of_the_last\AimedMissle.cpp(6,83): warning C4244:             T=unsigned int
C:\Death_of_the_last\AimedMissle.cpp(6,83): warning C4244:         ]
C:\Death_of_the_last\AimedMissle.cpp(6,83): warning C4244:         and
C:\Death_of_the_last\AimedMissle.cpp(6,83): warning C4244:         [
C:\Death_of_the_last\AimedMissle.cpp(6,83): warning C4244:             T=float
C:\Death_of_the_last\AimedMissle.cpp(6,83): warning C4244:         ]
C:\Death_of_the_last\AimedMissle.cpp(6,55): warning C4244: аргумент: преобразование "T" в "T", возможна потеря данных
C:\Death_of_the_last\AimedMissle.cpp(6,55): warning C4244:         with
C:\Death_of_the_last\AimedMissle.cpp(6,55): warning C4244:         [
C:\Death_of_the_last\AimedMissle.cpp(6,55): warning C4244:             T=unsigned int
C:\Death_of_the_last\AimedMissle.cpp(6,55): warning C4244:         ]
C:\Death_of_the_last\AimedMissle.cpp(6,55): warning C4244:         and
C:\Death_of_the_last\AimedMissle.cpp(6,55): warning C4244:         [
C:\Death_of_the_last\AimedMissle.cpp(6,55): warning C4244:             T=float
C:\Death_of_the_last\AimedMissle.cpp(6,55): warning C4244:         ]
C:\Death_of_the_last\AimedMissle.cpp(7,12): warning C4244: аргумент: преобразование "time_t" в "unsigned int", возможна потеря данных
C:\Death_of_the_last\AimedMissle.cpp(40,21): warning C4244: аргумент: преобразование "double" в "float", возможна потеря данных
  Создание кода
  2 of 1712 functions ( 0.1%) were compiled, the rest were copied from previous compilation.
    0 functions were new in current compilation
    14 functions had inline decision re-evaluated but remain unchanged
  Создание кода завершено
  Death_of_the_last.vcxproj -> C:\Death_of_the_last\x64\Release\Death_of_the_last.exe
